{
  "stats": {
    "suites": 1,
    "tests": 1,
    "passes": 0,
    "pending": 2,
    "failures": -1,
    "start": "2022-08-17T16:04:07.210Z",
    "end": "2022-08-17T16:04:19.240Z",
    "duration": 12030,
    "testsRegistered": 3,
    "passPercent": 0,
    "pendingPercent": 66.66666666666666,
    "other": 2,
    "hasOther": true,
    "skipped": 0,
    "hasSkipped": false
  },
  "results": [
    {
      "uuid": "0a2b3051-b4bc-4d42-912f-21018ef7ee65",
      "title": "",
      "fullFile": "cypress/integration/DROPDOWN_SPECS/amazon.spec.js",
      "file": "cypress/integration/DROPDOWN_SPECS/amazon.spec.js",
      "beforeHooks": [],
      "afterHooks": [],
      "tests": [],
      "suites": [
        {
          "uuid": "a841198e-b0ba-43a9-ad5e-4547264f3c09",
          "title": "TS01- Verify the Dynamic Dropdown",
          "fullFile": "",
          "file": "",
          "beforeHooks": [],
          "afterHooks": [],
          "tests": [
            {
              "title": "verify dynamic dropdown ",
              "fullTitle": "TS01- Verify the Dynamic Dropdown verify dynamic dropdown ",
              "timedOut": null,
              "duration": 0,
              "state": "pending",
              "speed": null,
              "pass": false,
              "fail": false,
              "pending": true,
              "context": null,
              "code": "",
              "err": {},
              "uuid": "665e92d4-d998-448d-a3a2-7a20664e475a",
              "parentUUID": "a841198e-b0ba-43a9-ad5e-4547264f3c09",
              "isHook": false,
              "skipped": false
            },
            {
              "title": "TS02- verify Radio Button",
              "fullTitle": "TS01- Verify the Dynamic Dropdown TS02- verify Radio Button",
              "timedOut": null,
              "duration": 0,
              "state": "pending",
              "speed": null,
              "pass": false,
              "fail": false,
              "pending": true,
              "context": null,
              "code": "",
              "err": {},
              "uuid": "d0cf69e9-b6cd-4ba4-8b39-c363d639fd3e",
              "parentUUID": "a841198e-b0ba-43a9-ad5e-4547264f3c09",
              "isHook": false,
              "skipped": false
            },
            {
              "title": "verify static Dropdown",
              "fullTitle": "TS01- Verify the Dynamic Dropdown verify static Dropdown",
              "timedOut": null,
              "duration": 8048,
              "state": "failed",
              "speed": null,
              "pass": false,
              "fail": true,
              "pending": false,
              "context": null,
              "code": "cy.visit('https://www.onlinesbi.com/');\ncy.get('.filter-option').eq(2).select().should('be.visible');",
              "err": {
                "message": "AssertionError: Timed out retrying after 4000ms: Expected to find element: `2`, but never found it. Queried from element: <span.filter-option.pull-left>",
                "estack": "AssertionError: Timed out retrying after 4000ms: Expected to find element: `2`, but never found it. Queried from element: <span.filter-option.pull-left>\n    at Context.eval (https://www.onlinesbi.com/__cypress/tests?p=cypress\\integration\\DROPDOWN_SPECS\\amazon.spec.js:116:30)",
                "diff": null
              },
              "uuid": "8c510512-f2cf-471b-ae30-321d2ce9d8b5",
              "parentUUID": "a841198e-b0ba-43a9-ad5e-4547264f3c09",
              "isHook": false,
              "skipped": false
            }
          ],
          "suites": [],
          "passes": [],
          "failures": [
            "8c510512-f2cf-471b-ae30-321d2ce9d8b5"
          ],
          "pending": [
            "665e92d4-d998-448d-a3a2-7a20664e475a",
            "d0cf69e9-b6cd-4ba4-8b39-c363d639fd3e"
          ],
          "skipped": [],
          "duration": 8048,
          "root": false,
          "rootEmpty": false,
          "_timeout": 2000
        }
      ],
      "passes": [],
      "failures": [],
      "pending": [],
      "skipped": [],
      "duration": 0,
      "root": true,
      "rootEmpty": true,
      "_timeout": 2000
    }
  ],
  "meta": {
    "mocha": {
      "version": "7.0.1"
    },
    "mochawesome": {
      "options": {
        "quiet": false,
        "reportFilename": "mochawesome",
        "saveHtml": false,
        "saveJson": true,
        "consoleReporter": "spec",
        "useInlineDiffs": false,
        "code": true
      },
      "version": "7.1.3"
    },
    "marge": {
      "options": {
        "reportDir": "cypress/results",
        "overwrite": false,
        "html": false,
        "json": true
      },
      "version": "6.2.0"
    }
  }
}