{
  "stats": {
    "suites": 1,
    "tests": 1,
    "passes": 1,
    "pending": 0,
    "failures": 0,
    "start": "2022-09-26T11:44:55.769Z",
    "end": "2022-09-26T11:44:56.695Z",
    "duration": 926,
    "testsRegistered": 1,
    "passPercent": 100,
    "pendingPercent": 0,
    "other": 0,
    "hasOther": false,
    "skipped": 0,
    "hasSkipped": false
  },
  "results": [
    {
      "uuid": "ff9a546a-6dd3-4600-abe1-dc49055a9692",
      "title": "",
      "fullFile": "cypress/integration/API_TEST_SPECS/Gorest.spec.js",
      "file": "cypress/integration/API_TEST_SPECS/Gorest.spec.js",
      "beforeHooks": [],
      "afterHooks": [],
      "tests": [],
      "suites": [
        {
          "uuid": "d5ded890-809a-4828-ba6e-e32b68700c3e",
          "title": "test",
          "fullFile": "",
          "file": "",
          "beforeHooks": [],
          "afterHooks": [],
          "tests": [
            {
              "title": "test",
              "fullTitle": "test test",
              "timedOut": null,
              "duration": 850,
              "state": "passed",
              "speed": "fast",
              "pass": true,
              "fail": false,
              "pending": false,
              "context": null,
              "code": "cy.request({\n  method: \"POST\",\n  url: \"https://gorest.co.in/public/v2/users\",\n  headers: {\n    Authorization: token\n  },\n  body: {\n    name: \"Hanumant Bhojane\",\n    gender: \"male\",\n    email: \"tenali.ramakrishna@15ce.com\",\n    status: \"active\"\n  }\n}).then(function (res) {\n  cy.log(res);\n});",
              "err": {},
              "uuid": "fa74195d-7afa-4998-82fb-901fdfa0f536",
              "parentUUID": "d5ded890-809a-4828-ba6e-e32b68700c3e",
              "isHook": false,
              "skipped": false
            }
          ],
          "suites": [],
          "passes": [
            "fa74195d-7afa-4998-82fb-901fdfa0f536"
          ],
          "failures": [],
          "pending": [],
          "skipped": [],
          "duration": 850,
          "root": false,
          "rootEmpty": false,
          "_timeout": 2000
        }
      ],
      "passes": [],
      "failures": [],
      "pending": [],
      "skipped": [],
      "duration": 0,
      "root": true,
      "rootEmpty": true,
      "_timeout": 2000
    }
  ],
  "meta": {
    "mocha": {
      "version": "7.0.1"
    },
    "mochawesome": {
      "options": {
        "quiet": false,
        "reportFilename": "mochawesome",
        "saveHtml": false,
        "saveJson": true,
        "consoleReporter": "spec",
        "useInlineDiffs": false,
        "code": true
      },
      "version": "7.1.3"
    },
    "marge": {
      "options": {
        "reportDir": "cypress/results",
        "overwrite": false,
        "html": false,
        "json": true
      },
      "version": "6.2.0"
    }
  }
}