{
  "stats": {
    "suites": 1,
    "tests": 1,
    "passes": 1,
    "pending": 0,
    "failures": 0,
    "start": "2022-09-26T11:43:14.493Z",
    "end": "2022-09-26T11:43:38.830Z",
    "duration": 24337,
    "testsRegistered": 1,
    "passPercent": 100,
    "pendingPercent": 0,
    "other": 0,
    "hasOther": false,
    "skipped": 0,
    "hasSkipped": false
  },
  "results": [
    {
      "uuid": "f09c0dc2-dbe3-40d7-8ffd-73d6c3bc5143",
      "title": "",
      "fullFile": "cypress/integration/ALERT_TEST/alert.spec.js",
      "file": "cypress/integration/ALERT_TEST/alert.spec.js",
      "beforeHooks": [],
      "afterHooks": [],
      "tests": [],
      "suites": [
        {
          "uuid": "8cbf876a-e369-454a-ad78-ed58b2af398c",
          "title": "verify alert",
          "fullFile": "",
          "file": "",
          "beforeHooks": [],
          "afterHooks": [],
          "tests": [
            {
              "title": "verify tab",
              "fullTitle": "verify alert verify tab",
              "timedOut": null,
              "duration": 21003,
              "state": "passed",
              "speed": "slow",
              "pass": true,
              "fail": false,
              "pending": false,
              "context": null,
              "code": "cy.visit('https://www.rahulshettyacademy.com/AutomationPractice/');\ncy.get('#opentab').invoke('removeAttr', 'target').click();\ncy.url().should('include', 'https://www.rahulshettyacademy.com/');",
              "err": {},
              "uuid": "4c76c731-b50a-4096-89fc-8e14e0fd4094",
              "parentUUID": "8cbf876a-e369-454a-ad78-ed58b2af398c",
              "isHook": false,
              "skipped": false
            }
          ],
          "suites": [],
          "passes": [
            "4c76c731-b50a-4096-89fc-8e14e0fd4094"
          ],
          "failures": [],
          "pending": [],
          "skipped": [],
          "duration": 21003,
          "root": false,
          "rootEmpty": false,
          "_timeout": 2000
        }
      ],
      "passes": [],
      "failures": [],
      "pending": [],
      "skipped": [],
      "duration": 0,
      "root": true,
      "rootEmpty": true,
      "_timeout": 2000
    }
  ],
  "meta": {
    "mocha": {
      "version": "7.0.1"
    },
    "mochawesome": {
      "options": {
        "quiet": false,
        "reportFilename": "mochawesome",
        "saveHtml": false,
        "saveJson": true,
        "consoleReporter": "spec",
        "useInlineDiffs": false,
        "code": true
      },
      "version": "7.1.3"
    },
    "marge": {
      "options": {
        "reportDir": "cypress/results",
        "overwrite": false,
        "html": false,
        "json": true
      },
      "version": "6.2.0"
    }
  }
}