{
  "stats": {
    "suites": 1,
    "tests": 1,
    "passes": 0,
    "pending": 0,
    "failures": 1,
    "start": "2022-09-26T11:51:34.095Z",
    "end": "2022-09-26T11:51:41.851Z",
    "duration": 7756,
    "testsRegistered": 1,
    "passPercent": 0,
    "pendingPercent": 0,
    "other": 0,
    "hasOther": false,
    "skipped": 0,
    "hasSkipped": false
  },
  "results": [
    {
      "uuid": "46d2e4cb-365d-4c56-a49b-015f59bbd4d9",
      "title": "",
      "fullFile": "cypress/integration/CALENDER/calender1.spec.js",
      "file": "cypress/integration/CALENDER/calender1.spec.js",
      "beforeHooks": [],
      "afterHooks": [],
      "tests": [],
      "suites": [
        {
          "uuid": "91210250-0912-4dc7-a802-ae9e12285f56",
          "title": "verify the DatePicker",
          "fullFile": "",
          "file": "",
          "beforeHooks": [],
          "afterHooks": [],
          "tests": [
            {
              "title": "verify the Date",
              "fullTitle": "verify the DatePicker verify the Date",
              "timedOut": null,
              "duration": 4488,
              "state": "failed",
              "speed": null,
              "pass": false,
              "fail": true,
              "pending": false,
              "context": null,
              "code": "// cy.visit('http://www.webdriveruniversity.com/Datepicker/index.html')\n// let date = new Date()\n// cy.log(date.getDate())\n// cy.log(date.getDay())\n// cy.log(date.getFullYear())\nlet date2 = new Date();\ndate2.setDate(date2.getDate() + 400);\nlet year = date2.getFullYear();\nlet date = date2.getDate();\nlet wordMonth = date2.toLocaleString('defalt', {\n  month: 'long'\n});\ncy.visit('http://www.webdriveruniversity.com/Datepicker/index.html');\ncy.get('#datepicker').click();\nfunction selectMontAndYear() {\n  cy.get('.datepicker-switch').first().then(function (el) {\n    if (!el.text().includes(year)) {\n      cy.get('.next').first().click();\n      selectMontAndYear();\n    }\n  }).then(function () {\n    cy.get('.datepicker-switch').first().then(function (el) {\n      if (!el.text().includes(wmonth)) {\n        cy.get('.next').first().click();\n        selectMontAndYear();\n      }\n    });\n  }); // cy.get('.next').first()\n}\nfunction selectFutureDate() {\n  cy.contains(date).click();\n}\nselectMontAndYear();\nselectFutureDate();",
              "err": {
                "message": "ReferenceError: wmonth is not defined",
                "estack": "ReferenceError: wmonth is not defined\n    at Context.eval (http://www.webdriveruniversity.com/__cypress/tests?p=cypress\\integration\\CALENDER\\calender1.spec.js:125:35)",
                "diff": null
              },
              "uuid": "ad23fda9-4a36-4771-af3d-70f1626856bd",
              "parentUUID": "91210250-0912-4dc7-a802-ae9e12285f56",
              "isHook": false,
              "skipped": false
            }
          ],
          "suites": [],
          "passes": [],
          "failures": [
            "ad23fda9-4a36-4771-af3d-70f1626856bd"
          ],
          "pending": [],
          "skipped": [],
          "duration": 4488,
          "root": false,
          "rootEmpty": false,
          "_timeout": 2000
        }
      ],
      "passes": [],
      "failures": [],
      "pending": [],
      "skipped": [],
      "duration": 0,
      "root": true,
      "rootEmpty": true,
      "_timeout": 2000
    }
  ],
  "meta": {
    "mocha": {
      "version": "7.0.1"
    },
    "mochawesome": {
      "options": {
        "quiet": false,
        "reportFilename": "mochawesome",
        "saveHtml": false,
        "saveJson": true,
        "consoleReporter": "spec",
        "useInlineDiffs": false,
        "code": true
      },
      "version": "7.1.3"
    },
    "marge": {
      "options": {
        "reportDir": "cypress/results",
        "overwrite": false,
        "html": false,
        "json": true
      },
      "version": "6.2.0"
    }
  }
}