{
  "stats": {
    "suites": 1,
    "tests": 1,
    "passes": 1,
    "pending": 0,
    "failures": 0,
    "start": "2022-08-17T16:03:29.001Z",
    "end": "2022-08-17T16:03:36.485Z",
    "duration": 7484,
    "testsRegistered": 1,
    "passPercent": 100,
    "pendingPercent": 0,
    "other": 0,
    "hasOther": false,
    "skipped": 0,
    "hasSkipped": false
  },
  "results": [
    {
      "uuid": "b0df904d-9dd8-4a86-b939-121e4fe118d8",
      "title": "",
      "fullFile": "cypress/integration/CALENDER/calender.spec.js",
      "file": "cypress/integration/CALENDER/calender.spec.js",
      "beforeHooks": [],
      "afterHooks": [],
      "tests": [],
      "suites": [
        {
          "uuid": "5f8ecf00-5404-4b76-8fff-92654812660f",
          "title": "verify date and year",
          "fullFile": "",
          "file": "",
          "beforeHooks": [],
          "afterHooks": [],
          "tests": [
            {
              "title": "test",
              "fullTitle": "verify date and year test",
              "timedOut": null,
              "duration": 3157,
              "state": "passed",
              "speed": "fast",
              "pass": true,
              "fail": false,
              "pending": false,
              "context": null,
              "code": "cy.visit('http://www.webdriveruniversity.com/Datepicker/index.html');\ncy.get('.form-control').should('be.visible').click();\nlet dateToSelect = new Date();\ndateToSelect.setDate(dateToSelect.getDate() + 400);\nlet year = dateToSelect.getFullYear();\nlet day = dateToSelect.getDate();\nlet month = dateToSelect.toLocaleString('default', {\n  month: 'long'\n});\ncy.log(day, month, year);\nfunction SelectMOnthAndDate() {\n  cy.get('.datepicker-switch').first().then(el => {\n    if (!el.text().includes(year)) {\n      cy.get('.next').first().click();\n      SelectMOnthAndDate();\n    }\n  }).then(() => {});\n}",
              "err": {},
              "uuid": "5945cd18-beb4-476c-bf9d-a944131b4318",
              "parentUUID": "5f8ecf00-5404-4b76-8fff-92654812660f",
              "isHook": false,
              "skipped": false
            }
          ],
          "suites": [],
          "passes": [
            "5945cd18-beb4-476c-bf9d-a944131b4318"
          ],
          "failures": [],
          "pending": [],
          "skipped": [],
          "duration": 3157,
          "root": false,
          "rootEmpty": false,
          "_timeout": 2000
        }
      ],
      "passes": [],
      "failures": [],
      "pending": [],
      "skipped": [],
      "duration": 0,
      "root": true,
      "rootEmpty": true,
      "_timeout": 2000
    }
  ],
  "meta": {
    "mocha": {
      "version": "7.0.1"
    },
    "mochawesome": {
      "options": {
        "quiet": false,
        "reportFilename": "mochawesome",
        "saveHtml": false,
        "saveJson": true,
        "consoleReporter": "spec",
        "useInlineDiffs": false,
        "code": true
      },
      "version": "7.1.3"
    },
    "marge": {
      "options": {
        "reportDir": "cypress/results",
        "overwrite": false,
        "html": false,
        "json": true
      },
      "version": "6.2.0"
    }
  }
}