{
  "stats": {
    "suites": 1,
    "tests": 1,
    "passes": 1,
    "pending": 0,
    "failures": 0,
    "start": "2022-09-26T11:51:14.753Z",
    "end": "2022-09-26T11:51:23.540Z",
    "duration": 8787,
    "testsRegistered": 1,
    "passPercent": 100,
    "pendingPercent": 0,
    "other": 0,
    "hasOther": false,
    "skipped": 0,
    "hasSkipped": false
  },
  "results": [
    {
      "uuid": "281219cd-e60e-4301-a580-c548525f496d",
      "title": "",
      "fullFile": "cypress/integration/CALENDER/calender.spec.js",
      "file": "cypress/integration/CALENDER/calender.spec.js",
      "beforeHooks": [],
      "afterHooks": [],
      "tests": [],
      "suites": [
        {
          "uuid": "7ff71321-f43e-403c-8984-de52067d7008",
          "title": "verify date and year",
          "fullFile": "",
          "file": "",
          "beforeHooks": [],
          "afterHooks": [],
          "tests": [
            {
              "title": "test",
              "fullTitle": "verify date and year test",
              "timedOut": null,
              "duration": 3101,
              "state": "passed",
              "speed": "fast",
              "pass": true,
              "fail": false,
              "pending": false,
              "context": null,
              "code": "cy.visit('http://www.webdriveruniversity.com/Datepicker/index.html');\ncy.get('.form-control').should('be.visible').click();\nlet dateToSelect = new Date();\ndateToSelect.setDate(dateToSelect.getDate() + 400);\nlet year = dateToSelect.getFullYear();\nlet day = dateToSelect.getDate();\nlet month = dateToSelect.toLocaleString('default', {\n  month: 'long'\n});\ncy.log(day, month, year);\nfunction SelectMOnthAndDate() {\n  cy.get('.datepicker-switch').first().then(el => {\n    if (!el.text().includes(year)) {\n      cy.get('.next').first().click();\n      SelectMOnthAndDate();\n    }\n  }).then(() => {});\n}",
              "err": {},
              "uuid": "3c8108ea-b4c2-41ed-8311-15801fa15ced",
              "parentUUID": "7ff71321-f43e-403c-8984-de52067d7008",
              "isHook": false,
              "skipped": false
            }
          ],
          "suites": [],
          "passes": [
            "3c8108ea-b4c2-41ed-8311-15801fa15ced"
          ],
          "failures": [],
          "pending": [],
          "skipped": [],
          "duration": 3101,
          "root": false,
          "rootEmpty": false,
          "_timeout": 2000
        }
      ],
      "passes": [],
      "failures": [],
      "pending": [],
      "skipped": [],
      "duration": 0,
      "root": true,
      "rootEmpty": true,
      "_timeout": 2000
    }
  ],
  "meta": {
    "mocha": {
      "version": "7.0.1"
    },
    "mochawesome": {
      "options": {
        "quiet": false,
        "reportFilename": "mochawesome",
        "saveHtml": false,
        "saveJson": true,
        "consoleReporter": "spec",
        "useInlineDiffs": false,
        "code": true
      },
      "version": "7.1.3"
    },
    "marge": {
      "options": {
        "reportDir": "cypress/results",
        "overwrite": false,
        "html": false,
        "json": true
      },
      "version": "6.2.0"
    }
  }
}