{
  "stats": {
    "suites": 1,
    "tests": 4,
    "passes": 4,
    "pending": 0,
    "failures": 0,
    "start": "2022-08-17T16:02:18.166Z",
    "end": "2022-08-17T16:02:20.252Z",
    "duration": 2086,
    "testsRegistered": 4,
    "passPercent": 100,
    "pendingPercent": 0,
    "other": 0,
    "hasOther": false,
    "skipped": 0,
    "hasSkipped": false
  },
  "results": [
    {
      "uuid": "0f37cb1f-3799-4044-9176-df4cd2ccf1b7",
      "title": "",
      "fullFile": "cypress/integration/API_TEST_SPECS/api.spec.js",
      "file": "cypress/integration/API_TEST_SPECS/api.spec.js",
      "beforeHooks": [],
      "afterHooks": [],
      "tests": [],
      "suites": [
        {
          "uuid": "1ca02639-0050-46a1-8f2c-c5409bc219f5",
          "title": "api test",
          "fullFile": "",
          "file": "",
          "beforeHooks": [],
          "afterHooks": [],
          "tests": [
            {
              "title": "test api",
              "fullTitle": "api test test api",
              "timedOut": null,
              "duration": 866,
              "state": "passed",
              "speed": "fast",
              "pass": true,
              "fail": false,
              "pending": false,
              "context": null,
              "code": "cy.request({\n  method: 'POST',\n  url: 'https://reqres.in/api/users',\n  Body: {\n    \"id\": \"254\",\n    \"createdAt\": \"2022-06-10T12:14:36.506Z\"\n  }\n}).then(function (res) {\n  cy.log(res);\n  expect(res.status).to.eqls(201); // expect(res.Body).to.eqls('')\n});",
              "err": {},
              "uuid": "da368148-1a21-4e1f-ac3c-79115ece58d0",
              "parentUUID": "1ca02639-0050-46a1-8f2c-c5409bc219f5",
              "isHook": false,
              "skipped": false
            },
            {
              "title": "test2",
              "fullTitle": "api test test2",
              "timedOut": null,
              "duration": 223,
              "state": "passed",
              "speed": "fast",
              "pass": true,
              "fail": false,
              "pending": false,
              "context": null,
              "code": "cy.request({\n  method: 'GET',\n  url: 'https://reqres.in/api/users?page=2'\n}).then(function (res) {\n  cy.log(res);\n  expect(res.status).to.eqls(200);\n});",
              "err": {},
              "uuid": "f699709c-c3e8-4017-8e0d-13ede13fdda4",
              "parentUUID": "1ca02639-0050-46a1-8f2c-c5409bc219f5",
              "isHook": false,
              "skipped": false
            },
            {
              "title": "verify the PUT api ",
              "fullTitle": "api test verify the PUT api ",
              "timedOut": null,
              "duration": 443,
              "state": "passed",
              "speed": "fast",
              "pass": true,
              "fail": false,
              "pending": false,
              "context": null,
              "code": "cy.request({\n  method: 'PUT',\n  url: \"https://reqres.in/api/users/2\",\n  body: {\n    \"name\": \"morpheus\",\n    \"job\": \"zion resident\"\n  }\n}).then(function ({\n  status,\n  duration\n}) {\n  expect(status).to.eq(200);\n  expect(duration).to.be.lessThan(400);\n});",
              "err": {},
              "uuid": "e740f862-7c51-463f-ab13-7c18f274f092",
              "parentUUID": "1ca02639-0050-46a1-8f2c-c5409bc219f5",
              "isHook": false,
              "skipped": false
            },
            {
              "title": "verify the delet api",
              "fullTitle": "api test verify the delet api",
              "timedOut": null,
              "duration": 461,
              "state": "passed",
              "speed": "fast",
              "pass": true,
              "fail": false,
              "pending": false,
              "context": null,
              "code": "cy.request({\n  method: \"DELETE\",\n  url: 'https://reqres.in/api/users/2'\n}).then(function ({\n  status\n}) {\n  expect(status).to.eqls(204);\n});",
              "err": {},
              "uuid": "6d3bafa8-a230-4a81-9a23-4ca465237b59",
              "parentUUID": "1ca02639-0050-46a1-8f2c-c5409bc219f5",
              "isHook": false,
              "skipped": false
            }
          ],
          "suites": [],
          "passes": [
            "da368148-1a21-4e1f-ac3c-79115ece58d0",
            "f699709c-c3e8-4017-8e0d-13ede13fdda4",
            "e740f862-7c51-463f-ab13-7c18f274f092",
            "6d3bafa8-a230-4a81-9a23-4ca465237b59"
          ],
          "failures": [],
          "pending": [],
          "skipped": [],
          "duration": 1993,
          "root": false,
          "rootEmpty": false,
          "_timeout": 2000
        }
      ],
      "passes": [],
      "failures": [],
      "pending": [],
      "skipped": [],
      "duration": 0,
      "root": true,
      "rootEmpty": true,
      "_timeout": 2000
    }
  ],
  "meta": {
    "mocha": {
      "version": "7.0.1"
    },
    "mochawesome": {
      "options": {
        "quiet": false,
        "reportFilename": "mochawesome",
        "saveHtml": false,
        "saveJson": true,
        "consoleReporter": "spec",
        "useInlineDiffs": false,
        "code": true
      },
      "version": "7.1.3"
    },
    "marge": {
      "options": {
        "reportDir": "cypress/results",
        "overwrite": false,
        "html": false,
        "json": true
      },
      "version": "6.2.0"
    }
  }
}