{
  "stats": {
    "suites": 1,
    "tests": 1,
    "passes": 1,
    "pending": 0,
    "failures": 0,
    "start": "2022-09-26T11:44:49.645Z",
    "end": "2022-09-26T11:44:50.793Z",
    "duration": 1148,
    "testsRegistered": 1,
    "passPercent": 100,
    "pendingPercent": 0,
    "other": 0,
    "hasOther": false,
    "skipped": 0,
    "hasSkipped": false
  },
  "results": [
    {
      "uuid": "9fd5e344-9964-4837-9ae6-325224d7320c",
      "title": "",
      "fullFile": "cypress/integration/API_TEST_SPECS/apii.spec.js",
      "file": "cypress/integration/API_TEST_SPECS/apii.spec.js",
      "beforeHooks": [],
      "afterHooks": [],
      "tests": [],
      "suites": [
        {
          "uuid": "23d29995-d286-4b12-8e28-93c232f967f0",
          "title": "test",
          "fullFile": "",
          "file": "",
          "beforeHooks": [],
          "afterHooks": [],
          "tests": [
            {
              "title": "test",
              "fullTitle": "test test",
              "timedOut": null,
              "duration": 890,
              "state": "passed",
              "speed": "fast",
              "pass": true,
              "fail": false,
              "pending": false,
              "context": null,
              "code": "cy.request({\n  method: 'GET',\n  url: 'https://reqres.in/api/users?page=2\"'\n}).then(function ({\n  status,\n  headers,\n  duration,\n  body\n}) {\n  cy.log(status); //  expect(status).to.eql(200)\n  //  expect(body).to.have.keys([\"data\",\"page\",\"per_page\",\"support\",\"total\",\"total_pages\"])\n  body.data.forEach(element => {\n    expect(element).to.have.keys([\"id\", \"first_name\", \"last_name\", \"email\", \"avatar\"]);\n    expect(element.first_name).not.to.eql(null);\n    expect(element.last_name).not.to.eql(null);\n    expect(element.email).not.to.eql(null);\n    expect(element.id).not.to.eql(null);\n    expect(element.avatar).not.to.eql(null);\n  });\n});",
              "err": {},
              "uuid": "d545778b-7df4-44c5-ae68-42b8722d7049",
              "parentUUID": "23d29995-d286-4b12-8e28-93c232f967f0",
              "isHook": false,
              "skipped": false
            }
          ],
          "suites": [],
          "passes": [
            "d545778b-7df4-44c5-ae68-42b8722d7049"
          ],
          "failures": [],
          "pending": [],
          "skipped": [],
          "duration": 890,
          "root": false,
          "rootEmpty": false,
          "_timeout": 2000
        }
      ],
      "passes": [],
      "failures": [],
      "pending": [],
      "skipped": [],
      "duration": 0,
      "root": true,
      "rootEmpty": true,
      "_timeout": 2000
    }
  ],
  "meta": {
    "mocha": {
      "version": "7.0.1"
    },
    "mochawesome": {
      "options": {
        "quiet": false,
        "reportFilename": "mochawesome",
        "saveHtml": false,
        "saveJson": true,
        "consoleReporter": "spec",
        "useInlineDiffs": false,
        "code": true
      },
      "version": "7.1.3"
    },
    "marge": {
      "options": {
        "reportDir": "cypress/results",
        "overwrite": false,
        "html": false,
        "json": true
      },
      "version": "6.2.0"
    }
  }
}