{
  "stats": {
    "suites": 1,
    "tests": 1,
    "passes": 1,
    "pending": 0,
    "failures": 0,
    "start": "2022-09-26T11:49:20.503Z",
    "end": "2022-09-26T11:49:37.260Z",
    "duration": 16757,
    "testsRegistered": 1,
    "passPercent": 100,
    "pendingPercent": 0,
    "other": 0,
    "hasOther": false,
    "skipped": 0,
    "hasSkipped": false
  },
  "results": [
    {
      "uuid": "1369d92e-5224-47d0-ab46-170da45a6633",
      "title": "",
      "fullFile": "cypress/integration/ALERT_TEST/alert.spec.js",
      "file": "cypress/integration/ALERT_TEST/alert.spec.js",
      "beforeHooks": [],
      "afterHooks": [],
      "tests": [],
      "suites": [
        {
          "uuid": "61b05933-c784-4fdf-9696-dafd43a1d6da",
          "title": "verify alert",
          "fullFile": "",
          "file": "",
          "beforeHooks": [],
          "afterHooks": [],
          "tests": [
            {
              "title": "verify tab",
              "fullTitle": "verify alert verify tab",
              "timedOut": null,
              "duration": 13562,
              "state": "passed",
              "speed": "slow",
              "pass": true,
              "fail": false,
              "pending": false,
              "context": null,
              "code": "cy.visit('https://www.rahulshettyacademy.com/AutomationPractice/');\ncy.get('#opentab').invoke('removeAttr', 'target').click();\ncy.url().should('include', 'https://www.rahulshettyacademy.com/');",
              "err": {},
              "uuid": "9f5ce230-5d76-45ad-9cfe-fc262f0851ca",
              "parentUUID": "61b05933-c784-4fdf-9696-dafd43a1d6da",
              "isHook": false,
              "skipped": false
            }
          ],
          "suites": [],
          "passes": [
            "9f5ce230-5d76-45ad-9cfe-fc262f0851ca"
          ],
          "failures": [],
          "pending": [],
          "skipped": [],
          "duration": 13562,
          "root": false,
          "rootEmpty": false,
          "_timeout": 2000
        }
      ],
      "passes": [],
      "failures": [],
      "pending": [],
      "skipped": [],
      "duration": 0,
      "root": true,
      "rootEmpty": true,
      "_timeout": 2000
    }
  ],
  "meta": {
    "mocha": {
      "version": "7.0.1"
    },
    "mochawesome": {
      "options": {
        "quiet": false,
        "reportFilename": "mochawesome",
        "saveHtml": false,
        "saveJson": true,
        "consoleReporter": "spec",
        "useInlineDiffs": false,
        "code": true
      },
      "version": "7.1.3"
    },
    "marge": {
      "options": {
        "reportDir": "cypress/results",
        "overwrite": false,
        "html": false,
        "json": true
      },
      "version": "6.2.0"
    }
  }
}