{
  "stats": {
    "suites": 1,
    "tests": 4,
    "passes": 3,
    "pending": 0,
    "failures": 1,
    "start": "2022-09-26T11:44:18.716Z",
    "end": "2022-09-26T11:44:22.786Z",
    "duration": 4070,
    "testsRegistered": 4,
    "passPercent": 75,
    "pendingPercent": 0,
    "other": 0,
    "hasOther": false,
    "skipped": 0,
    "hasSkipped": false
  },
  "results": [
    {
      "uuid": "65639003-6337-4929-b123-f68ff7dce838",
      "title": "",
      "fullFile": "cypress/integration/API_TEST_SPECS/api.spec.js",
      "file": "cypress/integration/API_TEST_SPECS/api.spec.js",
      "beforeHooks": [],
      "afterHooks": [],
      "tests": [],
      "suites": [
        {
          "uuid": "a29b3c91-3e88-42ed-ba9b-933adf2874b9",
          "title": "api test",
          "fullFile": "",
          "file": "",
          "beforeHooks": [],
          "afterHooks": [],
          "tests": [
            {
              "title": "test api",
              "fullTitle": "api test test api",
              "timedOut": null,
              "duration": 1568,
              "state": "passed",
              "speed": "fast",
              "pass": true,
              "fail": false,
              "pending": false,
              "context": null,
              "code": "cy.request({\n  method: 'POST',\n  url: 'https://reqres.in/api/users',\n  Body: {\n    \"id\": \"254\",\n    \"createdAt\": \"2022-06-10T12:14:36.506Z\"\n  }\n}).then(function (res) {\n  cy.log(res);\n  expect(res.status).to.eqls(201); // expect(res.Body).to.eqls('')\n});",
              "err": {},
              "uuid": "6765843a-fb3b-41b3-b3ea-11b896c143b8",
              "parentUUID": "a29b3c91-3e88-42ed-ba9b-933adf2874b9",
              "isHook": false,
              "skipped": false
            },
            {
              "title": "test2",
              "fullTitle": "api test test2",
              "timedOut": null,
              "duration": 592,
              "state": "passed",
              "speed": "fast",
              "pass": true,
              "fail": false,
              "pending": false,
              "context": null,
              "code": "cy.request({\n  method: 'GET',\n  url: 'https://reqres.in/api/users?page=2'\n}).then(function (res) {\n  cy.log(res);\n  expect(res.status).to.eqls(200);\n});",
              "err": {},
              "uuid": "31651c4a-a9d5-4c29-b6d1-c4f1b25b7cce",
              "parentUUID": "a29b3c91-3e88-42ed-ba9b-933adf2874b9",
              "isHook": false,
              "skipped": false
            },
            {
              "title": "verify the PUT api ",
              "fullTitle": "api test verify the PUT api ",
              "timedOut": null,
              "duration": 1271,
              "state": "failed",
              "speed": null,
              "pass": false,
              "fail": true,
              "pending": false,
              "context": null,
              "code": "cy.request({\n  method: 'PUT',\n  url: \"https://reqres.in/api/users/2\",\n  body: {\n    \"name\": \"morpheus\",\n    \"job\": \"zion resident\"\n  }\n}).then(function ({\n  status,\n  duration\n}) {\n  expect(status).to.eq(200);\n  expect(duration).to.be.lessThan(400);\n});",
              "err": {
                "message": "AssertionError: expected 893 to be below 400",
                "estack": "AssertionError: expected 893 to be below 400\n    at Context.eval (http://localhost:65262/__cypress/tests?p=cypress\\integration\\API_TEST_SPECS\\api.spec.js:135:30)",
                "diff": "- 893\n+ 400\n"
              },
              "uuid": "d95115d8-c08a-4d44-8b06-7a4fc9628075",
              "parentUUID": "a29b3c91-3e88-42ed-ba9b-933adf2874b9",
              "isHook": false,
              "skipped": false
            },
            {
              "title": "verify the delet api",
              "fullTitle": "api test verify the delet api",
              "timedOut": null,
              "duration": 443,
              "state": "passed",
              "speed": "fast",
              "pass": true,
              "fail": false,
              "pending": false,
              "context": null,
              "code": "cy.request({\n  method: \"DELETE\",\n  url: 'https://reqres.in/api/users/2'\n}).then(function ({\n  status\n}) {\n  expect(status).to.eqls(204);\n});",
              "err": {},
              "uuid": "d1a0d4b1-cd6c-4ece-9f38-d3857ae45e5c",
              "parentUUID": "a29b3c91-3e88-42ed-ba9b-933adf2874b9",
              "isHook": false,
              "skipped": false
            }
          ],
          "suites": [],
          "passes": [
            "6765843a-fb3b-41b3-b3ea-11b896c143b8",
            "31651c4a-a9d5-4c29-b6d1-c4f1b25b7cce",
            "d1a0d4b1-cd6c-4ece-9f38-d3857ae45e5c"
          ],
          "failures": [
            "d95115d8-c08a-4d44-8b06-7a4fc9628075"
          ],
          "pending": [],
          "skipped": [],
          "duration": 3874,
          "root": false,
          "rootEmpty": false,
          "_timeout": 2000
        }
      ],
      "passes": [],
      "failures": [],
      "pending": [],
      "skipped": [],
      "duration": 0,
      "root": true,
      "rootEmpty": true,
      "_timeout": 2000
    }
  ],
  "meta": {
    "mocha": {
      "version": "7.0.1"
    },
    "mochawesome": {
      "options": {
        "quiet": false,
        "reportFilename": "mochawesome",
        "saveHtml": false,
        "saveJson": true,
        "consoleReporter": "spec",
        "useInlineDiffs": false,
        "code": true
      },
      "version": "7.1.3"
    },
    "marge": {
      "options": {
        "reportDir": "cypress/results",
        "overwrite": false,
        "html": false,
        "json": true
      },
      "version": "6.2.0"
    }
  }
}