{
  "stats": {
    "suites": 1,
    "tests": 1,
    "passes": 1,
    "pending": 0,
    "failures": 0,
    "start": "2022-08-17T16:01:53.131Z",
    "end": "2022-08-17T16:02:02.639Z",
    "duration": 9508,
    "testsRegistered": 1,
    "passPercent": 100,
    "pendingPercent": 0,
    "other": 0,
    "hasOther": false,
    "skipped": 0,
    "hasSkipped": false
  },
  "results": [
    {
      "uuid": "9608fd67-3fba-4b15-bc02-46ce0cfbe0d3",
      "title": "",
      "fullFile": "cypress/integration/ALERT_TEST/alert2.spec.js",
      "file": "cypress/integration/ALERT_TEST/alert2.spec.js",
      "beforeHooks": [],
      "afterHooks": [],
      "tests": [],
      "suites": [
        {
          "uuid": "ab0f2c09-069f-4439-94ef-3446ea2a9bb8",
          "title": "javscript alert",
          "fullFile": "",
          "file": "",
          "beforeHooks": [],
          "afterHooks": [],
          "tests": [
            {
              "title": "test",
              "fullTitle": "javscript alert test",
              "timedOut": null,
              "duration": 4535,
              "state": "passed",
              "speed": "fast",
              "pass": true,
              "fail": false,
              "pending": false,
              "context": null,
              "code": "// cy.on(\"window:alert\", function(str){\n//     expect(str).to.eql('I am a JS Alert')\n// })\ncy.contains('Click for JS Alert').click();\ncy.get('#result').should('be.visible').and('have.text', 'You successfully clicked an alert');",
              "err": {},
              "uuid": "fc4a07a9-7dd9-4323-8613-25b098f038ba",
              "parentUUID": "ab0f2c09-069f-4439-94ef-3446ea2a9bb8",
              "isHook": false,
              "skipped": false
            }
          ],
          "suites": [],
          "passes": [
            "fc4a07a9-7dd9-4323-8613-25b098f038ba"
          ],
          "failures": [],
          "pending": [],
          "skipped": [],
          "duration": 4535,
          "root": false,
          "rootEmpty": false,
          "_timeout": 2000
        }
      ],
      "passes": [],
      "failures": [],
      "pending": [],
      "skipped": [],
      "duration": 0,
      "root": true,
      "rootEmpty": true,
      "_timeout": 2000
    }
  ],
  "meta": {
    "mocha": {
      "version": "7.0.1"
    },
    "mochawesome": {
      "options": {
        "quiet": false,
        "reportFilename": "mochawesome",
        "saveHtml": false,
        "saveJson": true,
        "consoleReporter": "spec",
        "useInlineDiffs": false,
        "code": true
      },
      "version": "7.1.3"
    },
    "marge": {
      "options": {
        "reportDir": "cypress/results",
        "overwrite": false,
        "html": false,
        "json": true
      },
      "version": "6.2.0"
    }
  }
}