{
  "stats": {
    "suites": 1,
    "tests": 1,
    "passes": 1,
    "pending": 0,
    "failures": 0,
    "start": "2022-09-26T11:53:04.801Z",
    "end": "2022-09-26T11:53:28.812Z",
    "duration": 24011,
    "testsRegistered": 1,
    "passPercent": 100,
    "pendingPercent": 0,
    "other": 0,
    "hasOther": false,
    "skipped": 0,
    "hasSkipped": false
  },
  "results": [
    {
      "uuid": "2799c2ec-f93c-4fef-b5c8-6770c5937561",
      "title": "",
      "fullFile": "cypress/integration/DROPDOWN_SPECS/drop2.spec.js",
      "file": "cypress/integration/DROPDOWN_SPECS/drop2.spec.js",
      "beforeHooks": [],
      "afterHooks": [],
      "tests": [],
      "suites": [
        {
          "uuid": "70a38e51-1391-4485-9ff5-7657719ad343",
          "title": "test",
          "fullFile": "",
          "file": "",
          "beforeHooks": [],
          "afterHooks": [],
          "tests": [
            {
              "title": "test",
              "fullTitle": "test test",
              "timedOut": null,
              "duration": 20247,
              "state": "passed",
              "speed": "slow",
              "pass": true,
              "fail": false,
              "pending": false,
              "context": null,
              "code": "cy.visit('https://testautomationpractice.blogspot.com/');\ncy.get('select[name=\"speed\"] > option').eq(3).should('be.visible');",
              "err": {},
              "uuid": "d1641b8e-163a-4a7d-95dd-5030f00e513a",
              "parentUUID": "70a38e51-1391-4485-9ff5-7657719ad343",
              "isHook": false,
              "skipped": false
            }
          ],
          "suites": [],
          "passes": [
            "d1641b8e-163a-4a7d-95dd-5030f00e513a"
          ],
          "failures": [],
          "pending": [],
          "skipped": [],
          "duration": 20247,
          "root": false,
          "rootEmpty": false,
          "_timeout": 2000
        }
      ],
      "passes": [],
      "failures": [],
      "pending": [],
      "skipped": [],
      "duration": 0,
      "root": true,
      "rootEmpty": true,
      "_timeout": 2000
    }
  ],
  "meta": {
    "mocha": {
      "version": "7.0.1"
    },
    "mochawesome": {
      "options": {
        "quiet": false,
        "reportFilename": "mochawesome",
        "saveHtml": false,
        "saveJson": true,
        "consoleReporter": "spec",
        "useInlineDiffs": false,
        "code": true
      },
      "version": "7.1.3"
    },
    "marge": {
      "options": {
        "reportDir": "cypress/results",
        "overwrite": false,
        "html": false,
        "json": true
      },
      "version": "6.2.0"
    }
  }
}