{
  "stats": {
    "suites": 1,
    "tests": 1,
    "passes": 1,
    "pending": 0,
    "failures": 0,
    "start": "2022-09-26T11:50:03.140Z",
    "end": "2022-09-26T11:50:14.205Z",
    "duration": 11065,
    "testsRegistered": 1,
    "passPercent": 100,
    "pendingPercent": 0,
    "other": 0,
    "hasOther": false,
    "skipped": 0,
    "hasSkipped": false
  },
  "results": [
    {
      "uuid": "869c4d2f-1127-468a-b57b-02808eb76819",
      "title": "",
      "fullFile": "cypress/integration/ALERT_TEST/alert2.spec.js",
      "file": "cypress/integration/ALERT_TEST/alert2.spec.js",
      "beforeHooks": [],
      "afterHooks": [],
      "tests": [],
      "suites": [
        {
          "uuid": "de759653-6f05-434a-a2a5-40fce223be97",
          "title": "javscript alert",
          "fullFile": "",
          "file": "",
          "beforeHooks": [],
          "afterHooks": [],
          "tests": [
            {
              "title": "test",
              "fullTitle": "javscript alert test",
              "timedOut": null,
              "duration": 6745,
              "state": "passed",
              "speed": "medium",
              "pass": true,
              "fail": false,
              "pending": false,
              "context": null,
              "code": "// cy.on(\"window:alert\", function(str){\n//     expect(str).to.eql('I am a JS Alert')\n// })\ncy.contains('Click for JS Alert').click();\ncy.get('#result').should('be.visible').and('have.text', 'You successfully clicked an alert');",
              "err": {},
              "uuid": "1dddae8d-d0e6-4f0f-bcd1-bdb379499817",
              "parentUUID": "de759653-6f05-434a-a2a5-40fce223be97",
              "isHook": false,
              "skipped": false
            }
          ],
          "suites": [],
          "passes": [
            "1dddae8d-d0e6-4f0f-bcd1-bdb379499817"
          ],
          "failures": [],
          "pending": [],
          "skipped": [],
          "duration": 6745,
          "root": false,
          "rootEmpty": false,
          "_timeout": 2000
        }
      ],
      "passes": [],
      "failures": [],
      "pending": [],
      "skipped": [],
      "duration": 0,
      "root": true,
      "rootEmpty": true,
      "_timeout": 2000
    }
  ],
  "meta": {
    "mocha": {
      "version": "7.0.1"
    },
    "mochawesome": {
      "options": {
        "quiet": false,
        "reportFilename": "mochawesome",
        "saveHtml": false,
        "saveJson": true,
        "consoleReporter": "spec",
        "useInlineDiffs": false,
        "code": true
      },
      "version": "7.1.3"
    },
    "marge": {
      "options": {
        "reportDir": "cypress/results",
        "overwrite": false,
        "html": false,
        "json": true
      },
      "version": "6.2.0"
    }
  }
}