{
  "stats": {
    "suites": 1,
    "tests": 1,
    "passes": 1,
    "pending": 0,
    "failures": 0,
    "start": "2022-09-26T11:44:01.453Z",
    "end": "2022-09-26T11:44:11.565Z",
    "duration": 10112,
    "testsRegistered": 1,
    "passPercent": 100,
    "pendingPercent": 0,
    "other": 0,
    "hasOther": false,
    "skipped": 0,
    "hasSkipped": false
  },
  "results": [
    {
      "uuid": "61eaaf57-5629-41d7-8ea7-4efdd5a823bd",
      "title": "",
      "fullFile": "cypress/integration/ALERT_TEST/alert2.spec.js",
      "file": "cypress/integration/ALERT_TEST/alert2.spec.js",
      "beforeHooks": [],
      "afterHooks": [],
      "tests": [],
      "suites": [
        {
          "uuid": "b6d674e8-a55a-47d5-bdcf-54beeecdcd82",
          "title": "javscript alert",
          "fullFile": "",
          "file": "",
          "beforeHooks": [],
          "afterHooks": [],
          "tests": [
            {
              "title": "test",
              "fullTitle": "javscript alert test",
              "timedOut": null,
              "duration": 6139,
              "state": "passed",
              "speed": "medium",
              "pass": true,
              "fail": false,
              "pending": false,
              "context": null,
              "code": "// cy.on(\"window:alert\", function(str){\n//     expect(str).to.eql('I am a JS Alert')\n// })\ncy.contains('Click for JS Alert').click();\ncy.get('#result').should('be.visible').and('have.text', 'You successfully clicked an alert');",
              "err": {},
              "uuid": "4a6e6b97-1272-4001-84f9-15c9d5efe9a2",
              "parentUUID": "b6d674e8-a55a-47d5-bdcf-54beeecdcd82",
              "isHook": false,
              "skipped": false
            }
          ],
          "suites": [],
          "passes": [
            "4a6e6b97-1272-4001-84f9-15c9d5efe9a2"
          ],
          "failures": [],
          "pending": [],
          "skipped": [],
          "duration": 6139,
          "root": false,
          "rootEmpty": false,
          "_timeout": 2000
        }
      ],
      "passes": [],
      "failures": [],
      "pending": [],
      "skipped": [],
      "duration": 0,
      "root": true,
      "rootEmpty": true,
      "_timeout": 2000
    }
  ],
  "meta": {
    "mocha": {
      "version": "7.0.1"
    },
    "mochawesome": {
      "options": {
        "quiet": false,
        "reportFilename": "mochawesome",
        "saveHtml": false,
        "saveJson": true,
        "consoleReporter": "spec",
        "useInlineDiffs": false,
        "code": true
      },
      "version": "7.1.3"
    },
    "marge": {
      "options": {
        "reportDir": "cypress/results",
        "overwrite": false,
        "html": false,
        "json": true
      },
      "version": "6.2.0"
    }
  }
}