{
  "stats": {
    "suites": 1,
    "tests": 4,
    "passes": 3,
    "pending": 0,
    "failures": 1,
    "start": "2022-09-26T11:50:21.797Z",
    "end": "2022-09-26T11:50:26.752Z",
    "duration": 4955,
    "testsRegistered": 4,
    "passPercent": 75,
    "pendingPercent": 0,
    "other": 0,
    "hasOther": false,
    "skipped": 0,
    "hasSkipped": false
  },
  "results": [
    {
      "uuid": "d9b7d1a8-beaa-4d8c-99eb-5caf20768d8d",
      "title": "",
      "fullFile": "cypress/integration/API_TEST_SPECS/api.spec.js",
      "file": "cypress/integration/API_TEST_SPECS/api.spec.js",
      "beforeHooks": [],
      "afterHooks": [],
      "tests": [],
      "suites": [
        {
          "uuid": "c2bee026-0511-48bc-87a9-aa9300334593",
          "title": "api test",
          "fullFile": "",
          "file": "",
          "beforeHooks": [],
          "afterHooks": [],
          "tests": [
            {
              "title": "test api",
              "fullTitle": "api test test api",
              "timedOut": null,
              "duration": 2545,
              "state": "passed",
              "speed": "fast",
              "pass": true,
              "fail": false,
              "pending": false,
              "context": null,
              "code": "cy.request({\n  method: 'POST',\n  url: 'https://reqres.in/api/users',\n  Body: {\n    \"id\": \"254\",\n    \"createdAt\": \"2022-06-10T12:14:36.506Z\"\n  }\n}).then(function (res) {\n  cy.log(res);\n  expect(res.status).to.eqls(201); // expect(res.Body).to.eqls('')\n});",
              "err": {},
              "uuid": "fe906a2e-153c-4275-bf37-61379f384068",
              "parentUUID": "c2bee026-0511-48bc-87a9-aa9300334593",
              "isHook": false,
              "skipped": false
            },
            {
              "title": "test2",
              "fullTitle": "api test test2",
              "timedOut": null,
              "duration": 787,
              "state": "passed",
              "speed": "fast",
              "pass": true,
              "fail": false,
              "pending": false,
              "context": null,
              "code": "cy.request({\n  method: 'GET',\n  url: 'https://reqres.in/api/users?page=2'\n}).then(function (res) {\n  cy.log(res);\n  expect(res.status).to.eqls(200);\n});",
              "err": {},
              "uuid": "d3e251e8-d1a6-407b-91e7-1b99c8d1a887",
              "parentUUID": "c2bee026-0511-48bc-87a9-aa9300334593",
              "isHook": false,
              "skipped": false
            },
            {
              "title": "verify the PUT api ",
              "fullTitle": "api test verify the PUT api ",
              "timedOut": null,
              "duration": 806,
              "state": "failed",
              "speed": null,
              "pass": false,
              "fail": true,
              "pending": false,
              "context": null,
              "code": "cy.request({\n  method: 'PUT',\n  url: \"https://reqres.in/api/users/2\",\n  body: {\n    \"name\": \"morpheus\",\n    \"job\": \"zion resident\"\n  }\n}).then(function ({\n  status,\n  duration\n}) {\n  expect(status).to.eq(200);\n  expect(duration).to.be.lessThan(400);\n});",
              "err": {
                "message": "AssertionError: expected 488 to be below 400",
                "estack": "AssertionError: expected 488 to be below 400\n    at Context.eval (http://localhost:49726/__cypress/tests?p=cypress\\integration\\API_TEST_SPECS\\api.spec.js:135:30)",
                "diff": "- 488\n+ 400\n"
              },
              "uuid": "987f5718-0d17-4378-bbeb-d050109e3761",
              "parentUUID": "c2bee026-0511-48bc-87a9-aa9300334593",
              "isHook": false,
              "skipped": false
            },
            {
              "title": "verify the delet api",
              "fullTitle": "api test verify the delet api",
              "timedOut": null,
              "duration": 656,
              "state": "passed",
              "speed": "fast",
              "pass": true,
              "fail": false,
              "pending": false,
              "context": null,
              "code": "cy.request({\n  method: \"DELETE\",\n  url: 'https://reqres.in/api/users/2'\n}).then(function ({\n  status\n}) {\n  expect(status).to.eqls(204);\n});",
              "err": {},
              "uuid": "7291f9c3-5ee1-440d-b697-5e2d4a40174b",
              "parentUUID": "c2bee026-0511-48bc-87a9-aa9300334593",
              "isHook": false,
              "skipped": false
            }
          ],
          "suites": [],
          "passes": [
            "fe906a2e-153c-4275-bf37-61379f384068",
            "d3e251e8-d1a6-407b-91e7-1b99c8d1a887",
            "7291f9c3-5ee1-440d-b697-5e2d4a40174b"
          ],
          "failures": [
            "987f5718-0d17-4378-bbeb-d050109e3761"
          ],
          "pending": [],
          "skipped": [],
          "duration": 4794,
          "root": false,
          "rootEmpty": false,
          "_timeout": 2000
        }
      ],
      "passes": [],
      "failures": [],
      "pending": [],
      "skipped": [],
      "duration": 0,
      "root": true,
      "rootEmpty": true,
      "_timeout": 2000
    }
  ],
  "meta": {
    "mocha": {
      "version": "7.0.1"
    },
    "mochawesome": {
      "options": {
        "quiet": false,
        "reportFilename": "mochawesome",
        "saveHtml": false,
        "saveJson": true,
        "consoleReporter": "spec",
        "useInlineDiffs": false,
        "code": true
      },
      "version": "7.1.3"
    },
    "marge": {
      "options": {
        "reportDir": "cypress/results",
        "overwrite": false,
        "html": false,
        "json": true
      },
      "version": "6.2.0"
    }
  }
}