{
  "stats": {
    "suites": 1,
    "tests": 1,
    "passes": 1,
    "pending": 0,
    "failures": 0,
    "start": "2022-09-26T11:44:28.438Z",
    "end": "2022-09-26T11:44:36.472Z",
    "duration": 8034,
    "testsRegistered": 1,
    "passPercent": 100,
    "pendingPercent": 0,
    "other": 0,
    "hasOther": false,
    "skipped": 0,
    "hasSkipped": false
  },
  "results": [
    {
      "uuid": "52e75edf-f3d0-4256-96e0-f114a353e814",
      "title": "",
      "fullFile": "cypress/integration/API_TEST_SPECS/api1.spec.js",
      "file": "cypress/integration/API_TEST_SPECS/api1.spec.js",
      "beforeHooks": [],
      "afterHooks": [],
      "tests": [],
      "suites": [
        {
          "uuid": "b7c3b35d-ac20-47bf-8976-f13b7d71ccba",
          "title": "test1",
          "fullFile": "",
          "file": "",
          "beforeHooks": [],
          "afterHooks": [],
          "tests": [
            {
              "title": "test",
              "fullTitle": "test1 test",
              "timedOut": null,
              "duration": 4786,
              "state": "passed",
              "speed": "fast",
              "pass": true,
              "fail": false,
              "pending": false,
              "context": null,
              "code": "cy.intercept({\n  method: 'GET',\n  url: 'https://jsonplaceholder.cypress.io/comments/1'\n}).as('getComment');\ncy.visit('https://example.cypress.io/commands/network-requests');\ncy.contains('Get Comment').click();\ncy.wait('@getComment');\ncy.get('.network-comment').should('contain', 'laudantium');",
              "err": {},
              "uuid": "b917c9ec-d515-48ed-8890-5371bfce5ccc",
              "parentUUID": "b7c3b35d-ac20-47bf-8976-f13b7d71ccba",
              "isHook": false,
              "skipped": false
            }
          ],
          "suites": [],
          "passes": [
            "b917c9ec-d515-48ed-8890-5371bfce5ccc"
          ],
          "failures": [],
          "pending": [],
          "skipped": [],
          "duration": 4786,
          "root": false,
          "rootEmpty": false,
          "_timeout": 2000
        }
      ],
      "passes": [],
      "failures": [],
      "pending": [],
      "skipped": [],
      "duration": 0,
      "root": true,
      "rootEmpty": true,
      "_timeout": 2000
    }
  ],
  "meta": {
    "mocha": {
      "version": "7.0.1"
    },
    "mochawesome": {
      "options": {
        "quiet": false,
        "reportFilename": "mochawesome",
        "saveHtml": false,
        "saveJson": true,
        "consoleReporter": "spec",
        "useInlineDiffs": false,
        "code": true
      },
      "version": "7.1.3"
    },
    "marge": {
      "options": {
        "reportDir": "cypress/results",
        "overwrite": false,
        "html": false,
        "json": true
      },
      "version": "6.2.0"
    }
  }
}