{
  "stats": {
    "suites": 1,
    "tests": 1,
    "passes": 0,
    "pending": 0,
    "failures": 1,
    "start": "2022-08-17T15:59:51.220Z",
    "end": "2022-08-17T16:01:11.364Z",
    "duration": 80144,
    "testsRegistered": 1,
    "passPercent": 0,
    "pendingPercent": 0,
    "other": 0,
    "hasOther": false,
    "skipped": 0,
    "hasSkipped": false
  },
  "results": [
    {
      "uuid": "e91e7a85-f9e5-4816-b92c-0dcd54168faa",
      "title": "",
      "fullFile": "cypress/integration/ALERT_TEST/alert.spec.js",
      "file": "cypress/integration/ALERT_TEST/alert.spec.js",
      "beforeHooks": [],
      "afterHooks": [],
      "tests": [],
      "suites": [
        {
          "uuid": "af28a159-34ca-4991-95fd-3c3de656dd87",
          "title": "verify alert",
          "fullFile": "",
          "file": "",
          "beforeHooks": [],
          "afterHooks": [],
          "tests": [
            {
              "title": "verify tab",
              "fullTitle": "verify alert verify tab",
              "timedOut": null,
              "duration": 76629,
              "state": "failed",
              "speed": null,
              "pass": false,
              "fail": true,
              "pending": false,
              "context": null,
              "code": "cy.visit('https://www.rahulshettyacademy.com/AutomationPractice/');\ncy.get('#opentab').invoke('removeAttr', 'target').click();\ncy.url().should('include', 'https://www.rahulshettyacademy.com/');",
              "err": {
                "message": "CypressError: Timed out after waiting `60000ms` for your remote page to load.\n\nYour page did not fire its `load` event within `60000ms`.\n\nYou can try increasing the `pageLoadTimeout` value in `cypress.json` to wait longer.\n\nBrowsers will not fire the `load` event until all stylesheets and scripts are done downloading.\n\nWhen this `load` event occurs, Cypress will continue running commands.",
                "estack": "CypressError: Timed out after waiting `60000ms` for your remote page to load.\n\nYour page did not fire its `load` event within `60000ms`.\n\nYou can try increasing the `pageLoadTimeout` value in `cypress.json` to wait longer.\n\nBrowsers will not fire the `load` event until all stylesheets and scripts are done downloading.\n\nWhen this `load` event occurs, Cypress will continue running commands.\n    at timedOutWaitingForPageLoad (https://www.rahulshettyacademy.com/__cypress/runner/cypress_runner.js:162428:74)\n    at https://www.rahulshettyacademy.com/__cypress/runner/cypress_runner.js:162860:16\n    at tryCatcher (https://www.rahulshettyacademy.com/__cypress/runner/cypress_runner.js:13022:23)\n    at https://www.rahulshettyacademy.com/__cypress/runner/cypress_runner.js:8144:41\n    at tryCatcher (https://www.rahulshettyacademy.com/__cypress/runner/cypress_runner.js:13022:23)\n    at Promise._settlePromiseFromHandler (https://www.rahulshettyacademy.com/__cypress/runner/cypress_runner.js:10957:31)\n    at Promise._settlePromise (https://www.rahulshettyacademy.com/__cypress/runner/cypress_runner.js:11014:18)\n    at Promise._settlePromise0 (https://www.rahulshettyacademy.com/__cypress/runner/cypress_runner.js:11059:10)\n    at Promise._settlePromises (https://www.rahulshettyacademy.com/__cypress/runner/cypress_runner.js:11135:18)\n    at _drainQueueStep (https://www.rahulshettyacademy.com/__cypress/runner/cypress_runner.js:7729:12)\n    at _drainQueue (https://www.rahulshettyacademy.com/__cypress/runner/cypress_runner.js:7722:9)\n    at Async.../../node_modules/bluebird/js/release/async.js.Async._drainQueues (https://www.rahulshettyacademy.com/__cypress/runner/cypress_runner.js:7738:5)\n    at Async.drainQueues (https://www.rahulshettyacademy.com/__cypress/runner/cypress_runner.js:7608:14)\nFrom Your Spec Code:\n    at Context.eval (https://www.rahulshettyacademy.com/__cypress/tests?p=cypress\\integration\\ALERT_TEST\\alert.spec.js:111:8)",
                "diff": null
              },
              "uuid": "61dfd5c2-5b19-4276-8fe1-7d79e95c2a5c",
              "parentUUID": "af28a159-34ca-4991-95fd-3c3de656dd87",
              "isHook": false,
              "skipped": false
            }
          ],
          "suites": [],
          "passes": [],
          "failures": [
            "61dfd5c2-5b19-4276-8fe1-7d79e95c2a5c"
          ],
          "pending": [],
          "skipped": [],
          "duration": 76629,
          "root": false,
          "rootEmpty": false,
          "_timeout": 2000
        }
      ],
      "passes": [],
      "failures": [],
      "pending": [],
      "skipped": [],
      "duration": 0,
      "root": true,
      "rootEmpty": true,
      "_timeout": 2000
    }
  ],
  "meta": {
    "mocha": {
      "version": "7.0.1"
    },
    "mochawesome": {
      "options": {
        "quiet": false,
        "reportFilename": "mochawesome",
        "saveHtml": false,
        "saveJson": true,
        "consoleReporter": "spec",
        "useInlineDiffs": false,
        "code": true
      },
      "version": "7.1.3"
    },
    "marge": {
      "options": {
        "reportDir": "cypress/results",
        "overwrite": false,
        "html": false,
        "json": true
      },
      "version": "6.2.0"
    }
  }
}